生成启动时间为 2022/2/1 20:57:40。
     1>项目“D:\LocalProjects\NCRE_CEx\NCREProjects\fishc\fishc\fishc.vcxproj”在节点 2 上(build 个目标)。
     1>InitializeBuildStatus:
         正在创建“Debug\fishc.unsuccessfulbuild”，因为已指定“AlwaysCreate”。
       ClCompile:
         D:\Microsoft Visual Studio 10.0\VC\bin\CL.exe /c /ZI /nologo /W3 /WX- /Od /Oy- /D _MBCS /Gm /EHsc /RTC1 /MDd /GS /fp:precise /Zc:wchar_t /Zc:forScope /Fo"Debug\\" /Fd"Debug\vc100.pdb" /Gd /TC /analyze- /errorReport:prompt Work1.c
         Work1.c
     1>d:\localprojects\ncre_cex\ncreprojects\fishc\fishc\work1.c(21): warning C4996: 'fopen': This function or variable may be unsafe. Consider using fopen_s instead. To disable deprecation, use _CRT_SECURE_NO_WARNINGS. See online help for details.
                 d:\microsoft visual studio 10.0\vc\include\stdio.h(234) : 参见“fopen”的声明
     1>d:\localprojects\ncre_cex\ncreprojects\fishc\fishc\work1.c(46): warning C4996: 'strcpy': This function or variable may be unsafe. Consider using strcpy_s instead. To disable deprecation, use _CRT_SECURE_NO_WARNINGS. See online help for details.
                 d:\microsoft visual studio 10.0\vc\include\string.h(105) : 参见“strcpy”的声明
     1>d:\localprojects\ncre_cex\ncreprojects\fishc\fishc\work1.c(47): warning C4996: 'strcat': This function or variable may be unsafe. Consider using strcat_s instead. To disable deprecation, use _CRT_SECURE_NO_WARNINGS. See online help for details.
                 d:\microsoft visual studio 10.0\vc\include\string.h(110) : 参见“strcat”的声明
     1>d:\localprojects\ncre_cex\ncreprojects\fishc\fishc\work1.c(51): warning C4996: 'sprintf': This function or variable may be unsafe. Consider using sprintf_s instead. To disable deprecation, use _CRT_SECURE_NO_WARNINGS. See online help for details.
                 d:\microsoft visual studio 10.0\vc\include\stdio.h(371) : 参见“sprintf”的声明
     1>d:\localprojects\ncre_cex\ncreprojects\fishc\fishc\work1.c(65): warning C4996: 'strcpy': This function or variable may be unsafe. Consider using strcpy_s instead. To disable deprecation, use _CRT_SECURE_NO_WARNINGS. See online help for details.
                 d:\microsoft visual studio 10.0\vc\include\string.h(105) : 参见“strcpy”的声明
     1>d:\localprojects\ncre_cex\ncreprojects\fishc\fishc\work1.c(66): warning C4996: 'strcat': This function or variable may be unsafe. Consider using strcat_s instead. To disable deprecation, use _CRT_SECURE_NO_WARNINGS. See online help for details.
                 d:\microsoft visual studio 10.0\vc\include\string.h(110) : 参见“strcat”的声明
     1>d:\localprojects\ncre_cex\ncreprojects\fishc\fishc\work1.c(79): warning C4996: 'sprintf': This function or variable may be unsafe. Consider using sprintf_s instead. To disable deprecation, use _CRT_SECURE_NO_WARNINGS. See online help for details.
                 d:\microsoft visual studio 10.0\vc\include\stdio.h(371) : 参见“sprintf”的声明
       Link:
         D:\Microsoft Visual Studio 10.0\VC\bin\link.exe /ERRORREPORT:PROMPT /OUT:"D:\LocalProjects\NCRE_CEx\NCREProjects\fishc\Debug\fishc.exe" /NOLOGO kernel32.lib user32.lib gdi32.lib winspool.lib comdlg32.lib advapi32.lib shell32.lib ole32.lib oleaut32.lib uuid.lib odbc32.lib odbccp32.lib /MANIFEST /ManifestFile:"Debug\fishc.exe.intermediate.manifest" /MANIFESTUAC:"level='asInvoker' uiAccess='false'" /DEBUG /PDB:"D:\LocalProjects\NCRE_CEx\NCREProjects\fishc\Debug\fishc.pdb" /TLBID:1 /DYNAMICBASE /NXCOMPAT /IMPLIB:"D:\LocalProjects\NCRE_CEx\NCREProjects\fishc\Debug\fishc.lib" /MACHINE:X86 Debug\Work1.obj
         LINK : 没有找到 D:\LocalProjects\NCRE_CEx\NCREProjects\fishc\Debug\fishc.exe 或上一个增量链接没有生成它；正在执行完全链接
         fishc.vcxproj -> D:\LocalProjects\NCRE_CEx\NCREProjects\fishc\Debug\fishc.exe
       Manifest:
         C:\Program Files (x86)\Microsoft SDKs\Windows\v7.0A\bin\mt.exe /nologo /verbose /outputresource:"D:\LocalProjects\NCRE_CEx\NCREProjects\fishc\Debug\fishc.exe;#1" /manifest Debug\fishc.exe.intermediate.manifest
       FinalizeBuildStatus:
         正在删除文件“Debug\fishc.unsuccessfulbuild”。
         正在对“Debug\fishc.lastbuildstate”执行 Touch 任务。
     1>已完成生成项目“D:\LocalProjects\NCRE_CEx\NCREProjects\fishc\fishc\fishc.vcxproj”(build 个目标)的操作。

生成成功。

已用时间 00:00:00.93
